<?xml version="1.0" encoding="UTF-8"?>
<testsuite name="com.activityservice.ActivityServiceApplicationTests" tests="1" skipped="0" failures="0" errors="0" timestamp="2026-07-19T11:42:44.449Z" hostname="MIKEPC" time="13.784">
  <properties/>
  <testcase name="contextLoads()" classname="com.activityservice.ActivityServiceApplicationTests" time="0.036"/>
  <system-out><![CDATA[18:42:44.751 [Test worker] INFO org.springframework.test.context.support.AnnotationConfigContextLoaderUtils -- Could not detect default configuration classes for test class [com.activityservice.ActivityServiceApplicationTests]: ActivityServiceApplicationTests does not declare any static, non-private, non-final, nested classes annotated with @Configuration.
18:42:44.970 [Test worker] INFO org.springframework.boot.test.context.SpringBootTestContextBootstrapper -- Found @SpringBootConfiguration com.activityservice.ActivityServiceApplication for test class com.activityservice.ActivityServiceApplicationTests

  .   ____          _            __ _ _
 /\\ / ___'_ __ _ _(_)_ __  __ _ \ \ \ \
( ( )\___ | '_ | '_| | '_ \/ _` | \ \ \ \
 \\/  ___)| |_)| | | | | || (_| |  ) ) ) )
  '  |____| .__|_| |_|_| |_\__, | / / / /
 =========|_|==============|___/=/_/_/_/

 :: Spring Boot ::                (v3.4.5)

2026-07-19T18:42:47.039+07:00  INFO 23336 --- [activity-service] [    Test worker] c.a.ActivityServiceApplicationTests      : Starting ActivityServiceApplicationTests using Java 21.0.9 with PID 23336 (started by phuco in C:\Users\phuco\Desktop\Graduation-Thesis\Backend\activity-service)
2026-07-19T18:42:47.042+07:00  INFO 23336 --- [activity-service] [    Test worker] c.a.ActivityServiceApplicationTests      : The following 1 profile is active: "local"
2026-07-19T18:42:49.002+07:00  INFO 23336 --- [activity-service] [    Test worker] .s.d.r.c.RepositoryConfigurationDelegate : Bootstrapping Spring Data JPA repositories in DEFAULT mode.
2026-07-19T18:42:49.256+07:00  INFO 23336 --- [activity-service] [    Test worker] .s.d.r.c.RepositoryConfigurationDelegate : Finished Spring Data repository scanning in 235 ms. Found 3 JPA repository interfaces.
2026-07-19T18:42:49.661+07:00  INFO 23336 --- [activity-service] [    Test worker] o.s.cloud.context.scope.GenericScope     : BeanFactory id=d6425dd1-a756-305f-bb42-113cf3ce071c
2026-07-19T18:42:50.294+07:00  INFO 23336 --- [activity-service] [    Test worker] o.hibernate.jpa.internal.util.LogHelper  : HHH000204: Processing PersistenceUnitInfo [name: default]
2026-07-19T18:42:50.415+07:00  INFO 23336 --- [activity-service] [    Test worker] org.hibernate.Version                    : HHH000412: Hibernate ORM core version 6.6.13.Final
2026-07-19T18:42:50.494+07:00  INFO 23336 --- [activity-service] [    Test worker] o.h.c.internal.RegionFactoryInitiator    : HHH000026: Second-level cache disabled
2026-07-19T18:42:50.743+07:00  INFO 23336 --- [activity-service] [    Test worker] com.zaxxer.hikari.HikariDataSource       : HikariPool-1 - Starting...
2026-07-19T18:42:51.067+07:00  INFO 23336 --- [activity-service] [    Test worker] com.zaxxer.hikari.pool.HikariPool        : HikariPool-1 - Added connection conn0: url=jdbc:h2:mem:activity_db user=SA
2026-07-19T18:42:51.074+07:00  INFO 23336 --- [activity-service] [    Test worker] com.zaxxer.hikari.HikariDataSource       : HikariPool-1 - Start completed.
2026-07-19T18:42:51.190+07:00  INFO 23336 --- [activity-service] [    Test worker] org.hibernate.orm.connections.pooling    : HHH10001005: Database info:
	Database JDBC URL [Connecting through datasource 'HikariDataSource (HikariPool-1)']
	Database driver: undefined/unknown
	Database version: 2.3.232
	Autocommit mode: undefined/unknown
	Isolation level: undefined/unknown
	Minimum pool size: undefined/unknown
	Maximum pool size: undefined/unknown
2026-07-19T18:42:51.290+07:00  INFO 23336 --- [activity-service] [    Test worker] o.s.o.j.p.SpringPersistenceUnitInfo      : No LoadTimeWeaver setup: ignoring JPA class transformer
2026-07-19T18:42:52.907+07:00  INFO 23336 --- [activity-service] [    Test worker] o.h.e.t.j.p.i.JtaPlatformInitiator       : HHH000489: No JTA platform available (set 'hibernate.transaction.jta.platform' to enable JTA platform integration)
Hibernate: 
    drop table if exists activities cascade 
Hibernate: 
    drop table if exists activity_checkers cascade 
Hibernate: 
    drop table if exists activity_registrations cascade 
Hibernate: 
    create table activities (
        capacity integer,
        created_at timestamp(6),
        end_time timestamp(6),
        id bigint not null,
        start_time timestamp(6),
        updated_at timestamp(6),
        created_by varchar(50) not null,
        reward varchar(100),
        google_form_url varchar(500),
        location varchar(255),
        title varchar(255) not null,
        category enum ('ACADEMIC','FACULTY','MOVEMENT','OTHER','UNIVERSITY') not null,
        participation_type enum ('LIMITED','OPEN'),
        status enum ('COMPLETED','ONGOING','UPCOMING') not null,
        primary key (id)
    )
Hibernate: 
    create table activity_checkers (
        activity_id bigint not null,
        id bigint not null,
        checker_code varchar(50),
        checker_tsid varchar(50) not null,
        checker_name varchar(150),
        primary key (id),
        constraint uk_activity_checker unique (activity_id, checker_tsid)
    )
Hibernate: 
    create table activity_registrations (
        is_attended boolean not null,
        activity_id bigint not null,
        checkin_time timestamp(6),
        id bigint not null,
        student_code varchar(50) not null,
        user_tsid varchar(50) not null,
        full_name varchar(150),
        primary key (id),
        constraint uk_activity_user_tsid unique (activity_id, user_tsid),
        constraint uk_activity_student_code unique (activity_id, student_code)
    )
Hibernate: 
    alter table if exists activity_checkers 
       add constraint FK7iohas5hsnndwtijg6v7ggetu 
       foreign key (activity_id) 
       references activities
Hibernate: 
    alter table if exists activity_registrations 
       add constraint FKj6kk52cdt8bh1k3p33g9j6aap 
       foreign key (activity_id) 
       references activities
2026-07-19T18:42:53.025+07:00  INFO 23336 --- [activity-service] [    Test worker] j.LocalContainerEntityManagerFactoryBean : Initialized JPA EntityManagerFactory for persistence unit 'default'
2026-07-19T18:42:53.947+07:00  INFO 23336 --- [activity-service] [    Test worker] o.s.d.j.r.query.QueryEnhancerFactory     : Hibernate is in classpath; If applicable, HQL parser will be used.
2026-07-19T18:42:55.332+07:00  WARN 23336 --- [activity-service] [    Test worker] JpaBaseConfiguration$JpaWebConfiguration : spring.jpa.open-in-view is enabled by default. Therefore, database queries may be performed during view rendering. Explicitly configure spring.jpa.open-in-view to disable this warning
2026-07-19T18:42:55.406+07:00  INFO 23336 --- [activity-service] [    Test worker] o.s.c.openfeign.FeignClientFactoryBean   : For 'USER-SERVICE' URL not provided. Will try picking an instance via load-balancing.
2026-07-19T18:42:56.856+07:00  INFO 23336 --- [activity-service] [    Test worker] o.s.b.a.h2.H2ConsoleAutoConfiguration    : H2 console available at '/h2-console'. Database available at 'jdbc:h2:mem:activity_db'
2026-07-19T18:42:58.042+07:00  INFO 23336 --- [activity-service] [    Test worker] o.s.cloud.commons.util.InetUtils         : Cannot determine local hostname
2026-07-19T18:42:58.056+07:00  INFO 23336 --- [activity-service] [    Test worker] DiscoveryClientOptionalArgsConfiguration : Eureka HTTP Client uses RestTemplate.
2026-07-19T18:42:58.100+07:00  WARN 23336 --- [activity-service] [    Test worker] iguration$LoadBalancerCaffeineWarnLogger : Spring Cloud LoadBalancer is currently working with the default cache. While this cache implementation is useful for development and tests, it's recommended to use Caffeine cache in production.You can switch to using Caffeine cache, by adding it and org.springframework.cache.caffeine.CaffeineCacheManager to the classpath.
2026-07-19T18:42:58.163+07:00  INFO 23336 --- [activity-service] [    Test worker] c.a.ActivityServiceApplicationTests      : Started ActivityServiceApplicationTests in 12.753 seconds (process running for 16.6)
]]></system-out>
  <system-err><![CDATA[]]></system-err>
</testsuite>
